2025-08-28T13:28:36.088 [HikariPool-3:housekeeper] WARN c.z.h.p.HikariPool - HikariPool-3 - Thread starvation or clock leap detected (housekeeper delta=3h11m52s172ms). 
2025-08-28T13:39:53.240 [http-nio-8085-exec-1] DEBUG j.sqltiming -  com.zaxxer.hikari.pool.ProxyPreparedStatement.execute(ProxyPreparedStatement.java:44)
57. select
			a.userSeq,
			a.userName,
			a.userBirth,
			a.userGender,
			a.userId,
			a.userPw,
			a.userEmail,
			a.userPhone,
			a.userZipCode,
			a.userAddress,
			a.userDtAddress,
			a.userMoDate,
			a.userReDate,
			a.userDelNY
		from
			user a
		where 1=1
 {executed in 1 msec} 
2025-08-28T13:39:53.802 [http-nio-8085-exec-9] DEBUG j.sqltiming -  com.zaxxer.hikari.pool.ProxyPreparedStatement.execute(ProxyPreparedStatement.java:44)
57. select
			a.userSeq,
			a.userName,
			a.userBirth,
			a.userGender,
			a.userId,
			a.userPw,
			a.userEmail,
			a.userPhone,
			a.userZipCode,
			a.userAddress,
			a.userDtAddress,
			a.userMoDate,
			a.userReDate,
			a.userDelNY
		from
			user a
		where 1=1
 {executed in 2 msec} 
