2025-08-27T17:01:27.893 [http-nio-8085-exec-2] DEBUG j.sqltiming -  com.zaxxer.hikari.pool.ProxyPreparedStatement.execute(ProxyPreparedStatement.java:44)
47. select
			a.userSeq,
			a.userName,
			a.userBirth,
			a.userGender,
			a.userId,
			a.userPw,
			a.userEmail,
			a.userPhone,
			a.userZipCode,
			a.userAddress,
			a.userDtAddress,
			a.userMoDate,
			a.userReDate,
			a.userDelNY
		from
			user a
		where 1=1
 {executed in 1 msec} 
2025-08-27T17:01:39.489 [http-nio-8085-exec-6] DEBUG j.sqltiming -  com.zaxxer.hikari.pool.ProxyPreparedStatement.execute(ProxyPreparedStatement.java:44)
47. select
			a.userSeq,
			a.userName,
			a.userBirth,
			a.userGender,
			a.userId,
			a.userPw,
			a.userEmail,
			a.userPhone,
			a.userZipCode,
			a.userAddress,
			a.userDtAddress,
			a.userMoDate,
			a.userReDate,
			a.userDelNY
		from
			user a
		where 1=1
 {executed in 1 msec} 
2025-08-27T17:01:40.058 [http-nio-8085-exec-7] DEBUG j.sqltiming -  com.zaxxer.hikari.pool.ProxyPreparedStatement.execute(ProxyPreparedStatement.java:44)
47. select
			a.userSeq,
			a.userName,
			a.userBirth,
			a.userGender,
			a.userId,
			a.userPw,
			a.userEmail,
			a.userPhone,
			a.userZipCode,
			a.userAddress,
			a.userDtAddress,
			a.userMoDate,
			a.userReDate,
			a.userDelNY
		from
			user a
		where 1=1
 {executed in 2 msec} 
2025-08-27T17:01:44.166 [http-nio-8085-exec-3] DEBUG j.sqltiming -  com.zaxxer.hikari.pool.ProxyPreparedStatement.execute(ProxyPreparedStatement.java:44)
47. select
			a.userSeq,
			a.userName,
			a.userBirth,
			a.userGender,
			a.userId,
			a.userPw,
			a.userEmail,
			a.userPhone,
			a.userZipCode,
			a.userAddress,
			a.userDtAddress,
			a.userMoDate,
			a.userReDate,
			a.userDelNY
		from
			user a
		where 1=1
 {executed in 1 msec} 
2025-08-27T17:01:44.913 [http-nio-8085-exec-4] DEBUG j.sqltiming -  com.zaxxer.hikari.pool.ProxyPreparedStatement.execute(ProxyPreparedStatement.java:44)
47. select
			a.userSeq,
			a.userName,
			a.userBirth,
			a.userGender,
			a.userId,
			a.userPw,
			a.userEmail,
			a.userPhone,
			a.userZipCode,
			a.userAddress,
			a.userDtAddress,
			a.userMoDate,
			a.userReDate,
			a.userDelNY
		from
			user a
		where 1=1
 {executed in 1 msec} 
2025-08-27T17:01:47.866 [http-nio-8085-exec-5] DEBUG j.sqltiming -  com.zaxxer.hikari.pool.ProxyPreparedStatement.execute(ProxyPreparedStatement.java:44)
47. select
			a.userSeq,
			a.userName,
			a.userBirth,
			a.userGender,
			a.userId,
			a.userPw,
			a.userEmail,
			a.userPhone,
			a.userZipCode,
			a.userAddress,
			a.userDtAddress,
			a.userMoDate,
			a.userReDate,
			a.userDelNY
		from
			user a
		where 1=1
 {executed in 1 msec} 
2025-08-27T17:02:31.671 [http-nio-8085-exec-4] DEBUG j.sqltiming -  com.zaxxer.hikari.pool.ProxyPreparedStatement.execute(ProxyPreparedStatement.java:44)
47. select
			a.userSeq,
			a.userName,
			a.userBirth,
			a.userGender,
			a.userId,
			a.userPw,
			a.userEmail,
			a.userPhone,
			a.userZipCode,
			a.userAddress,
			a.userDtAddress,
			a.userMoDate,
			a.userReDate,
			a.userDelNY
		from
			user a
		where 1=1
 {executed in 0 msec} 
2025-08-27T17:02:32.094 [http-nio-8085-exec-3] DEBUG j.sqltiming -  com.zaxxer.hikari.pool.ProxyPreparedStatement.execute(ProxyPreparedStatement.java:44)
47. select
			a.userSeq,
			a.userName,
			a.userBirth,
			a.userGender,
			a.userId,
			a.userPw,
			a.userEmail,
			a.userPhone,
			a.userZipCode,
			a.userAddress,
			a.userDtAddress,
			a.userMoDate,
			a.userReDate,
			a.userDelNY
		from
			user a
		where 1=1
 {executed in 1 msec} 
2025-08-27T17:02:32.316 [http-nio-8085-exec-10] DEBUG j.sqltiming -  com.zaxxer.hikari.pool.ProxyPreparedStatement.execute(ProxyPreparedStatement.java:44)
47. select
			a.userSeq,
			a.userName,
			a.userBirth,
			a.userGender,
			a.userId,
			a.userPw,
			a.userEmail,
			a.userPhone,
			a.userZipCode,
			a.userAddress,
			a.userDtAddress,
			a.userMoDate,
			a.userReDate,
			a.userDelNY
		from
			user a
		where 1=1
 {executed in 1 msec} 
2025-08-27T17:02:32.500 [http-nio-8085-exec-3] DEBUG j.sqltiming -  com.zaxxer.hikari.pool.ProxyPreparedStatement.execute(ProxyPreparedStatement.java:44)
47. select
			a.userSeq,
			a.userName,
			a.userBirth,
			a.userGender,
			a.userId,
			a.userPw,
			a.userEmail,
			a.userPhone,
			a.userZipCode,
			a.userAddress,
			a.userDtAddress,
			a.userMoDate,
			a.userReDate,
			a.userDelNY
		from
			user a
		where 1=1
 {executed in 1 msec} 
2025-08-27T17:02:32.725 [http-nio-8085-exec-10] DEBUG j.sqltiming -  com.zaxxer.hikari.pool.ProxyPreparedStatement.execute(ProxyPreparedStatement.java:44)
47. select
			a.userSeq,
			a.userName,
			a.userBirth,
			a.userGender,
			a.userId,
			a.userPw,
			a.userEmail,
			a.userPhone,
			a.userZipCode,
			a.userAddress,
			a.userDtAddress,
			a.userMoDate,
			a.userReDate,
			a.userDelNY
		from
			user a
		where 1=1
 {executed in 1 msec} 
2025-08-27T17:02:48.553 [http-nio-8085-exec-7] DEBUG j.sqltiming -  com.zaxxer.hikari.pool.ProxyPreparedStatement.execute(ProxyPreparedStatement.java:44)
47. select
			a.userSeq,
			a.userName,
			a.userBirth,
			a.userGender,
			a.userId,
			a.userPw,
			a.userEmail,
			a.userPhone,
			a.userZipCode,
			a.userAddress,
			a.userDtAddress,
			a.userMoDate,
			a.userReDate,
			a.userDelNY
		from
			user a
		where 1=1
 {executed in 1 msec} 
2025-08-27T17:02:48.849 [http-nio-8085-exec-1] DEBUG j.sqltiming -  com.zaxxer.hikari.pool.ProxyPreparedStatement.execute(ProxyPreparedStatement.java:44)
47. select
			a.userSeq,
			a.userName,
			a.userBirth,
			a.userGender,
			a.userId,
			a.userPw,
			a.userEmail,
			a.userPhone,
			a.userZipCode,
			a.userAddress,
			a.userDtAddress,
			a.userMoDate,
			a.userReDate,
			a.userDelNY
		from
			user a
		where 1=1
 {executed in 1 msec} 
2025-08-27T17:02:49.098 [http-nio-8085-exec-7] DEBUG j.sqltiming -  com.zaxxer.hikari.pool.ProxyPreparedStatement.execute(ProxyPreparedStatement.java:44)
47. select
			a.userSeq,
			a.userName,
			a.userBirth,
			a.userGender,
			a.userId,
			a.userPw,
			a.userEmail,
			a.userPhone,
			a.userZipCode,
			a.userAddress,
			a.userDtAddress,
			a.userMoDate,
			a.userReDate,
			a.userDelNY
		from
			user a
		where 1=1
 {executed in 1 msec} 
2025-08-27T17:02:53.041 [http-nio-8085-exec-1] DEBUG j.sqltiming -  com.zaxxer.hikari.pool.ProxyPreparedStatement.execute(ProxyPreparedStatement.java:44)
47. select
			a.userSeq,
			a.userName,
			a.userBirth,
			a.userGender,
			a.userId,
			a.userPw,
			a.userEmail,
			a.userPhone,
			a.userZipCode,
			a.userAddress,
			a.userDtAddress,
			a.userMoDate,
			a.userReDate,
			a.userDelNY
		from
			user a
		where 1=1
 {executed in 1 msec} 
2025-08-27T17:02:53.381 [http-nio-8085-exec-3] DEBUG j.sqltiming -  com.zaxxer.hikari.pool.ProxyPreparedStatement.execute(ProxyPreparedStatement.java:44)
47. select
			a.userSeq,
			a.userName,
			a.userBirth,
			a.userGender,
			a.userId,
			a.userPw,
			a.userEmail,
			a.userPhone,
			a.userZipCode,
			a.userAddress,
			a.userDtAddress,
			a.userMoDate,
			a.userReDate,
			a.userDelNY
		from
			user a
		where 1=1
 {executed in 1 msec} 
2025-08-27T17:02:53.578 [http-nio-8085-exec-10] DEBUG j.sqltiming -  com.zaxxer.hikari.pool.ProxyPreparedStatement.execute(ProxyPreparedStatement.java:44)
47. select
			a.userSeq,
			a.userName,
			a.userBirth,
			a.userGender,
			a.userId,
			a.userPw,
			a.userEmail,
			a.userPhone,
			a.userZipCode,
			a.userAddress,
			a.userDtAddress,
			a.userMoDate,
			a.userReDate,
			a.userDelNY
		from
			user a
		where 1=1
 {executed in 1 msec} 
2025-08-27T17:02:53.764 [http-nio-8085-exec-8] DEBUG j.sqltiming -  com.zaxxer.hikari.pool.ProxyPreparedStatement.execute(ProxyPreparedStatement.java:44)
47. select
			a.userSeq,
			a.userName,
			a.userBirth,
			a.userGender,
			a.userId,
			a.userPw,
			a.userEmail,
			a.userPhone,
			a.userZipCode,
			a.userAddress,
			a.userDtAddress,
			a.userMoDate,
			a.userReDate,
			a.userDelNY
		from
			user a
		where 1=1
 {executed in 1 msec} 
2025-08-27T17:02:53.932 [http-nio-8085-exec-9] DEBUG j.sqltiming -  com.zaxxer.hikari.pool.ProxyPreparedStatement.execute(ProxyPreparedStatement.java:44)
47. select
			a.userSeq,
			a.userName,
			a.userBirth,
			a.userGender,
			a.userId,
			a.userPw,
			a.userEmail,
			a.userPhone,
			a.userZipCode,
			a.userAddress,
			a.userDtAddress,
			a.userMoDate,
			a.userReDate,
			a.userDelNY
		from
			user a
		where 1=1
 {executed in 1 msec} 
2025-08-27T17:02:54.105 [http-nio-8085-exec-6] DEBUG j.sqltiming -  com.zaxxer.hikari.pool.ProxyPreparedStatement.execute(ProxyPreparedStatement.java:44)
47. select
			a.userSeq,
			a.userName,
			a.userBirth,
			a.userGender,
			a.userId,
			a.userPw,
			a.userEmail,
			a.userPhone,
			a.userZipCode,
			a.userAddress,
			a.userDtAddress,
			a.userMoDate,
			a.userReDate,
			a.userDelNY
		from
			user a
		where 1=1
 {executed in 1 msec} 
2025-08-27T17:02:54.276 [http-nio-8085-exec-9] DEBUG j.sqltiming -  com.zaxxer.hikari.pool.ProxyPreparedStatement.execute(ProxyPreparedStatement.java:44)
47. select
			a.userSeq,
			a.userName,
			a.userBirth,
			a.userGender,
			a.userId,
			a.userPw,
			a.userEmail,
			a.userPhone,
			a.userZipCode,
			a.userAddress,
			a.userDtAddress,
			a.userMoDate,
			a.userReDate,
			a.userDelNY
		from
			user a
		where 1=1
 {executed in 1 msec} 
2025-08-27T17:02:54.435 [http-nio-8085-exec-8] DEBUG j.sqltiming -  com.zaxxer.hikari.pool.ProxyPreparedStatement.execute(ProxyPreparedStatement.java:44)
47. select
			a.userSeq,
			a.userName,
			a.userBirth,
			a.userGender,
			a.userId,
			a.userPw,
			a.userEmail,
			a.userPhone,
			a.userZipCode,
			a.userAddress,
			a.userDtAddress,
			a.userMoDate,
			a.userReDate,
			a.userDelNY
		from
			user a
		where 1=1
 {executed in 1 msec} 
2025-08-27T17:05:13.687 [http-nio-8085-exec-3] DEBUG j.sqltiming -  com.zaxxer.hikari.pool.ProxyPreparedStatement.execute(ProxyPreparedStatement.java:44)
47. select
			a.userSeq,
			a.userName,
			a.userBirth,
			a.userGender,
			a.userId,
			a.userPw,
			a.userEmail,
			a.userPhone,
			a.userZipCode,
			a.userAddress,
			a.userDtAddress,
			a.userMoDate,
			a.userReDate,
			a.userDelNY
		from
			user a
		where 1=1
 {executed in 1 msec} 
2025-08-27T17:05:14.299 [http-nio-8085-exec-9] DEBUG j.sqltiming -  com.zaxxer.hikari.pool.ProxyPreparedStatement.execute(ProxyPreparedStatement.java:44)
47. select
			a.userSeq,
			a.userName,
			a.userBirth,
			a.userGender,
			a.userId,
			a.userPw,
			a.userEmail,
			a.userPhone,
			a.userZipCode,
			a.userAddress,
			a.userDtAddress,
			a.userMoDate,
			a.userReDate,
			a.userDelNY
		from
			user a
		where 1=1
 {executed in 1 msec} 
2025-08-27T17:05:32.903 [http-nio-8085-exec-10] DEBUG j.sqltiming -  com.zaxxer.hikari.pool.ProxyPreparedStatement.execute(ProxyPreparedStatement.java:44)
47. select
			a.userSeq,
			a.userName,
			a.userBirth,
			a.userGender,
			a.userId,
			a.userPw,
			a.userEmail,
			a.userPhone,
			a.userZipCode,
			a.userAddress,
			a.userDtAddress,
			a.userMoDate,
			a.userReDate,
			a.userDelNY
		from
			user a
		where 1=1
 {executed in 1 msec} 
2025-08-27T17:05:33.507 [http-nio-8085-exec-8] DEBUG j.sqltiming -  com.zaxxer.hikari.pool.ProxyPreparedStatement.execute(ProxyPreparedStatement.java:44)
47. select
			a.userSeq,
			a.userName,
			a.userBirth,
			a.userGender,
			a.userId,
			a.userPw,
			a.userEmail,
			a.userPhone,
			a.userZipCode,
			a.userAddress,
			a.userDtAddress,
			a.userMoDate,
			a.userReDate,
			a.userDelNY
		from
			user a
		where 1=1
 {executed in 1 msec} 
2025-08-27T17:05:52.713 [http-nio-8085-exec-8] DEBUG j.sqltiming -  com.zaxxer.hikari.pool.ProxyPreparedStatement.execute(ProxyPreparedStatement.java:44)
47. select
			a.userSeq,
			a.userName,
			a.userBirth,
			a.userGender,
			a.userId,
			a.userPw,
			a.userEmail,
			a.userPhone,
			a.userZipCode,
			a.userAddress,
			a.userDtAddress,
			a.userMoDate,
			a.userReDate,
			a.userDelNY
		from
			user a
		where 1=1
 {executed in 1 msec} 
2025-08-27T17:06:05.702 [http-nio-8085-exec-3] DEBUG j.sqltiming -  com.zaxxer.hikari.pool.ProxyPreparedStatement.execute(ProxyPreparedStatement.java:44)
47. select
			a.userSeq,
			a.userName,
			a.userBirth,
			a.userGender,
			a.userId,
			a.userPw,
			a.userEmail,
			a.userPhone,
			a.userZipCode,
			a.userAddress,
			a.userDtAddress,
			a.userMoDate,
			a.userReDate,
			a.userDelNY
		from
			user a
		where 1=1
 {executed in 2 msec} 
2025-08-27T17:06:10.332 [http-nio-8085-exec-9] DEBUG j.sqltiming -  com.zaxxer.hikari.pool.ProxyPreparedStatement.execute(ProxyPreparedStatement.java:44)
47. select
			a.userSeq,
			a.userName,
			a.userBirth,
			a.userGender,
			a.userId,
			a.userPw,
			a.userEmail,
			a.userPhone,
			a.userZipCode,
			a.userAddress,
			a.userDtAddress,
			a.userMoDate,
			a.userReDate,
			a.userDelNY
		from
			user a
		where 1=1
 {executed in 1 msec} 
2025-08-27T17:06:13.109 [http-nio-8085-exec-7] DEBUG j.sqltiming -  com.zaxxer.hikari.pool.ProxyPreparedStatement.execute(ProxyPreparedStatement.java:44)
47. select
			a.userSeq,
			a.userName,
			a.userBirth,
			a.userGender,
			a.userId,
			a.userPw,
			a.userEmail,
			a.userPhone,
			a.userZipCode,
			a.userAddress,
			a.userDtAddress,
			a.userMoDate,
			a.userReDate,
			a.userDelNY
		from
			user a
		where 1=1
 {executed in 1 msec} 
2025-08-27T17:06:16.378 [http-nio-8085-exec-9] DEBUG j.sqltiming -  com.zaxxer.hikari.pool.ProxyPreparedStatement.execute(ProxyPreparedStatement.java:44)
47. select
			a.userSeq,
			a.userName,
			a.userBirth,
			a.userGender,
			a.userId,
			a.userPw,
			a.userEmail,
			a.userPhone,
			a.userZipCode,
			a.userAddress,
			a.userDtAddress,
			a.userMoDate,
			a.userReDate,
			a.userDelNY
		from
			user a
		where 1=1
 {executed in 1 msec} 
2025-08-27T17:13:03.301 [http-nio-8085-exec-1] DEBUG j.sqltiming -  com.zaxxer.hikari.pool.ProxyPreparedStatement.execute(ProxyPreparedStatement.java:44)
47. select
			a.userSeq,
			a.userName,
			a.userBirth,
			a.userGender,
			a.userId,
			a.userPw,
			a.userEmail,
			a.userPhone,
			a.userZipCode,
			a.userAddress,
			a.userDtAddress,
			a.userMoDate,
			a.userReDate,
			a.userDelNY
		from
			user a
		where 1=1
 {executed in 1 msec} 
2025-08-27T17:13:03.556 [http-nio-8085-exec-5] DEBUG j.sqltiming -  com.zaxxer.hikari.pool.ProxyPreparedStatement.execute(ProxyPreparedStatement.java:44)
47. select
			a.userSeq,
			a.userName,
			a.userBirth,
			a.userGender,
			a.userId,
			a.userPw,
			a.userEmail,
			a.userPhone,
			a.userZipCode,
			a.userAddress,
			a.userDtAddress,
			a.userMoDate,
			a.userReDate,
			a.userDelNY
		from
			user a
		where 1=1
 {executed in 1 msec} 
2025-08-27T17:13:03.737 [http-nio-8085-exec-10] DEBUG j.sqltiming -  com.zaxxer.hikari.pool.ProxyPreparedStatement.execute(ProxyPreparedStatement.java:44)
47. select
			a.userSeq,
			a.userName,
			a.userBirth,
			a.userGender,
			a.userId,
			a.userPw,
			a.userEmail,
			a.userPhone,
			a.userZipCode,
			a.userAddress,
			a.userDtAddress,
			a.userMoDate,
			a.userReDate,
			a.userDelNY
		from
			user a
		where 1=1
 {executed in 1 msec} 
2025-08-27T17:13:03.897 [http-nio-8085-exec-10] DEBUG j.sqltiming -  com.zaxxer.hikari.pool.ProxyPreparedStatement.execute(ProxyPreparedStatement.java:44)
47. select
			a.userSeq,
			a.userName,
			a.userBirth,
			a.userGender,
			a.userId,
			a.userPw,
			a.userEmail,
			a.userPhone,
			a.userZipCode,
			a.userAddress,
			a.userDtAddress,
			a.userMoDate,
			a.userReDate,
			a.userDelNY
		from
			user a
		where 1=1
 {executed in 1 msec} 
2025-08-27T17:13:28.984 [http-nio-8085-exec-5] DEBUG j.sqltiming -  com.zaxxer.hikari.pool.ProxyPreparedStatement.execute(ProxyPreparedStatement.java:44)
47. select
			a.userSeq,
			a.userName,
			a.userBirth,
			a.userGender,
			a.userId,
			a.userPw,
			a.userEmail,
			a.userPhone,
			a.userZipCode,
			a.userAddress,
			a.userDtAddress,
			a.userMoDate,
			a.userReDate,
			a.userDelNY
		from
			user a
		where 1=1
 {executed in 1 msec} 
2025-08-27T17:13:39.848 [http-nio-8085-exec-1] DEBUG j.sqltiming -  com.zaxxer.hikari.pool.ProxyPreparedStatement.execute(ProxyPreparedStatement.java:44)
47. select
			a.userSeq,
			a.userName,
			a.userBirth,
			a.userGender,
			a.userId,
			a.userPw,
			a.userEmail,
			a.userPhone,
			a.userZipCode,
			a.userAddress,
			a.userDtAddress,
			a.userMoDate,
			a.userReDate,
			a.userDelNY
		from
			user a
		where 1=1
 {executed in 1 msec} 
2025-08-27T17:48:07.536 [HikariPool-3:housekeeper] WARN c.z.h.p.HikariPool - HikariPool-3 - Thread starvation or clock leap detected (housekeeper delta=32m21s482ms). 
