2025-08-28T16:20:28.232 [File Watcher] INFO o.s.b.d.a.LocalDevToolsAutoConfiguration$RestartingClassPathChangeChangedEventListener - Restarting due to 1 class path change (0 additions, 0 deletions, 1 modification) 
2025-08-28T16:20:28.236 [Thread-31] INFO o.s.b.w.e.t.GracefulShutdown - Commencing graceful shutdown. Waiting for active requests to complete 
2025-08-28T16:20:28.237 [tomcat-shutdown] INFO o.a.c.h.Http11NioProtocol - Pausing ProtocolHandler ["http-nio-8085"] 
2025-08-28T16:20:28.239 [tomcat-shutdown] INFO o.s.b.w.e.t.GracefulShutdown - Graceful shutdown complete 
2025-08-28T16:20:28.239 [Thread-31] INFO o.a.c.h.Http11NioProtocol - Stopping ProtocolHandler ["http-nio-8085"] 
2025-08-28T16:20:28.241 [Thread-31] INFO c.z.h.HikariDataSource - HikariPool-3 - Shutdown initiated... 
2025-08-28T16:20:28.246 [Thread-31] INFO c.z.h.HikariDataSource - HikariPool-3 - Shutdown completed. 
2025-08-28T16:20:28.311 [restartedMain] INFO c.m.MeetmateApplication - Starting MeetmateApplication using Java 17.0.11 with PID 31497 (/Users/shinnosuke/Desktop/shinnosuke/factory/workspace/ws_sts4_4240/repo_meetmate/meetmate/bin/main started by shinnosuke in /Users/shinnosuke/Desktop/shinnosuke/factory/workspace/ws_sts4_4240/repo_meetmate/meetmate) 
2025-08-28T16:20:28.311 [restartedMain] INFO c.m.MeetmateApplication - The following 1 profile is active: "external" 
2025-08-28T16:20:28.417 [restartedMain] INFO o.s.b.w.e.t.TomcatWebServer - Tomcat initialized with port 8085 (http) 
2025-08-28T16:20:28.418 [restartedMain] INFO o.a.c.h.Http11NioProtocol - Initializing ProtocolHandler ["http-nio-8085"] 
2025-08-28T16:20:28.418 [restartedMain] INFO o.a.c.c.StandardService - Starting service [Tomcat] 
2025-08-28T16:20:28.418 [restartedMain] INFO o.a.c.c.StandardEngine - Starting Servlet engine: [Apache Tomcat/10.1.44] 
2025-08-28T16:20:28.422 [restartedMain] INFO o.a.c.c.C.[.[.[/] - Initializing Spring embedded WebApplicationContext 
2025-08-28T16:20:28.422 [restartedMain] INFO o.s.b.w.s.c.ServletWebServerApplicationContext - Root WebApplicationContext: initialization completed in 110 ms 
2025-08-28T16:20:28.507 [restartedMain] INFO o.s.b.d.a.OptionalLiveReloadServer - LiveReload server is running on port 35729 
2025-08-28T16:20:28.513 [restartedMain] INFO o.a.c.h.Http11NioProtocol - Starting ProtocolHandler ["http-nio-8085"] 
2025-08-28T16:20:28.513 [restartedMain] INFO o.s.b.w.e.t.TomcatWebServer - Tomcat started on port 8085 (http) with context path '/' 
2025-08-28T16:20:28.517 [restartedMain] INFO c.m.MeetmateApplication - Started MeetmateApplication in 0.22 seconds (process running for 15205.042) 
2025-08-28T16:20:28.517 [restartedMain] INFO o.s.b.d.a.ConditionEvaluationDeltaLoggingListener - Condition evaluation unchanged 
2025-08-28T16:20:34.074 [File Watcher] INFO o.s.b.d.a.LocalDevToolsAutoConfiguration$RestartingClassPathChangeChangedEventListener - Restarting due to 1 class path change (0 additions, 0 deletions, 1 modification) 
2025-08-28T16:20:34.075 [Thread-35] INFO o.s.b.w.e.t.GracefulShutdown - Commencing graceful shutdown. Waiting for active requests to complete 
2025-08-28T16:20:34.075 [tomcat-shutdown] INFO o.a.c.h.Http11NioProtocol - Pausing ProtocolHandler ["http-nio-8085"] 
2025-08-28T16:20:34.076 [tomcat-shutdown] INFO o.s.b.w.e.t.GracefulShutdown - Graceful shutdown complete 
2025-08-28T16:20:34.077 [Thread-35] INFO o.a.c.h.Http11NioProtocol - Stopping ProtocolHandler ["http-nio-8085"] 
2025-08-28T16:20:34.124 [restartedMain] INFO c.m.MeetmateApplication - Starting MeetmateApplication using Java 17.0.11 with PID 31497 (/Users/shinnosuke/Desktop/shinnosuke/factory/workspace/ws_sts4_4240/repo_meetmate/meetmate/bin/main started by shinnosuke in /Users/shinnosuke/Desktop/shinnosuke/factory/workspace/ws_sts4_4240/repo_meetmate/meetmate) 
2025-08-28T16:20:34.124 [restartedMain] INFO c.m.MeetmateApplication - The following 1 profile is active: "external" 
2025-08-28T16:20:34.207 [restartedMain] INFO o.s.b.w.e.t.TomcatWebServer - Tomcat initialized with port 8085 (http) 
2025-08-28T16:20:34.207 [restartedMain] INFO o.a.c.h.Http11NioProtocol - Initializing ProtocolHandler ["http-nio-8085"] 
2025-08-28T16:20:34.207 [restartedMain] INFO o.a.c.c.StandardService - Starting service [Tomcat] 
2025-08-28T16:20:34.207 [restartedMain] INFO o.a.c.c.StandardEngine - Starting Servlet engine: [Apache Tomcat/10.1.44] 
2025-08-28T16:20:34.211 [restartedMain] INFO o.a.c.c.C.[.[.[/] - Initializing Spring embedded WebApplicationContext 
2025-08-28T16:20:34.211 [restartedMain] INFO o.s.b.w.s.c.ServletWebServerApplicationContext - Root WebApplicationContext: initialization completed in 86 ms 
2025-08-28T16:20:34.286 [restartedMain] INFO o.s.b.d.a.OptionalLiveReloadServer - LiveReload server is running on port 35729 
2025-08-28T16:20:34.292 [restartedMain] INFO o.a.c.h.Http11NioProtocol - Starting ProtocolHandler ["http-nio-8085"] 
2025-08-28T16:20:34.293 [restartedMain] INFO o.s.b.w.e.t.TomcatWebServer - Tomcat started on port 8085 (http) with context path '/' 
2025-08-28T16:20:34.296 [restartedMain] INFO c.m.MeetmateApplication - Started MeetmateApplication in 0.182 seconds (process running for 15210.821) 
2025-08-28T16:20:34.297 [restartedMain] INFO o.s.b.d.a.ConditionEvaluationDeltaLoggingListener - Condition evaluation unchanged 
2025-08-28T16:21:22.038 [File Watcher] INFO o.s.b.d.a.LocalDevToolsAutoConfiguration$RestartingClassPathChangeChangedEventListener - Restarting due to 1 class path change (0 additions, 0 deletions, 1 modification) 
2025-08-28T16:21:22.040 [Thread-39] INFO o.s.b.w.e.t.GracefulShutdown - Commencing graceful shutdown. Waiting for active requests to complete 
2025-08-28T16:21:22.040 [tomcat-shutdown] INFO o.a.c.h.Http11NioProtocol - Pausing ProtocolHandler ["http-nio-8085"] 
2025-08-28T16:21:22.042 [tomcat-shutdown] INFO o.s.b.w.e.t.GracefulShutdown - Graceful shutdown complete 
2025-08-28T16:21:22.043 [Thread-39] INFO o.a.c.h.Http11NioProtocol - Stopping ProtocolHandler ["http-nio-8085"] 
2025-08-28T16:21:22.095 [restartedMain] INFO c.m.MeetmateApplication - Starting MeetmateApplication using Java 17.0.11 with PID 31497 (/Users/shinnosuke/Desktop/shinnosuke/factory/workspace/ws_sts4_4240/repo_meetmate/meetmate/bin/main started by shinnosuke in /Users/shinnosuke/Desktop/shinnosuke/factory/workspace/ws_sts4_4240/repo_meetmate/meetmate) 
2025-08-28T16:21:22.095 [restartedMain] INFO c.m.MeetmateApplication - The following 1 profile is active: "external" 
2025-08-28T16:21:22.177 [restartedMain] INFO o.s.b.w.e.t.TomcatWebServer - Tomcat initialized with port 8085 (http) 
2025-08-28T16:21:22.178 [restartedMain] INFO o.a.c.h.Http11NioProtocol - Initializing ProtocolHandler ["http-nio-8085"] 
2025-08-28T16:21:22.178 [restartedMain] INFO o.a.c.c.StandardService - Starting service [Tomcat] 
2025-08-28T16:21:22.178 [restartedMain] INFO o.a.c.c.StandardEngine - Starting Servlet engine: [Apache Tomcat/10.1.44] 
2025-08-28T16:21:22.182 [restartedMain] INFO o.a.c.c.C.[.[.[/] - Initializing Spring embedded WebApplicationContext 
2025-08-28T16:21:22.182 [restartedMain] INFO o.s.b.w.s.c.ServletWebServerApplicationContext - Root WebApplicationContext: initialization completed in 86 ms 
2025-08-28T16:21:22.252 [restartedMain] INFO o.s.b.d.a.OptionalLiveReloadServer - LiveReload server is running on port 35729 
2025-08-28T16:21:22.258 [restartedMain] INFO o.a.c.h.Http11NioProtocol - Starting ProtocolHandler ["http-nio-8085"] 
2025-08-28T16:21:22.259 [restartedMain] INFO o.s.b.w.e.t.TomcatWebServer - Tomcat started on port 8085 (http) with context path '/' 
2025-08-28T16:21:22.262 [restartedMain] INFO c.m.MeetmateApplication - Started MeetmateApplication in 0.177 seconds (process running for 15258.788) 
2025-08-28T16:21:22.263 [restartedMain] INFO o.s.b.d.a.ConditionEvaluationDeltaLoggingListener - Condition evaluation unchanged 
2025-08-28T16:21:45.592 [http-nio-8085-exec-1] INFO o.a.c.c.C.[.[.[/] - Initializing Spring DispatcherServlet 'dispatcherServlet' 
2025-08-28T16:21:45.593 [http-nio-8085-exec-1] INFO o.s.w.s.DispatcherServlet - Initializing Servlet 'dispatcherServlet' 
2025-08-28T16:21:45.593 [http-nio-8085-exec-1] INFO o.s.w.s.DispatcherServlet - Completed initialization in 0 ms 
2025-08-28T16:23:37.825 [File Watcher] INFO o.s.b.d.a.LocalDevToolsAutoConfiguration$RestartingClassPathChangeChangedEventListener - Restarting due to 1 class path change (0 additions, 0 deletions, 1 modification) 
2025-08-28T16:23:37.826 [Thread-43] INFO o.s.b.w.e.t.GracefulShutdown - Commencing graceful shutdown. Waiting for active requests to complete 
2025-08-28T16:23:37.827 [tomcat-shutdown] INFO o.a.c.h.Http11NioProtocol - Pausing ProtocolHandler ["http-nio-8085"] 
2025-08-28T16:23:37.830 [tomcat-shutdown] INFO o.s.b.w.e.t.GracefulShutdown - Graceful shutdown complete 
2025-08-28T16:23:37.830 [Thread-43] INFO o.a.c.h.Http11NioProtocol - Stopping ProtocolHandler ["http-nio-8085"] 
2025-08-28T16:23:37.882 [restartedMain] INFO c.m.MeetmateApplication - Starting MeetmateApplication using Java 17.0.11 with PID 31497 (/Users/shinnosuke/Desktop/shinnosuke/factory/workspace/ws_sts4_4240/repo_meetmate/meetmate/bin/main started by shinnosuke in /Users/shinnosuke/Desktop/shinnosuke/factory/workspace/ws_sts4_4240/repo_meetmate/meetmate) 
2025-08-28T16:23:37.883 [restartedMain] INFO c.m.MeetmateApplication - The following 1 profile is active: "external" 
2025-08-28T16:23:37.976 [restartedMain] INFO o.s.b.w.e.t.TomcatWebServer - Tomcat initialized with port 8085 (http) 
2025-08-28T16:23:37.976 [restartedMain] INFO o.a.c.h.Http11NioProtocol - Initializing ProtocolHandler ["http-nio-8085"] 
2025-08-28T16:23:37.977 [restartedMain] INFO o.a.c.c.StandardService - Starting service [Tomcat] 
2025-08-28T16:23:37.977 [restartedMain] INFO o.a.c.c.StandardEngine - Starting Servlet engine: [Apache Tomcat/10.1.44] 
2025-08-28T16:23:37.981 [restartedMain] INFO o.a.c.c.C.[.[.[/] - Initializing Spring embedded WebApplicationContext 
2025-08-28T16:23:37.981 [restartedMain] INFO o.s.b.w.s.c.ServletWebServerApplicationContext - Root WebApplicationContext: initialization completed in 98 ms 
2025-08-28T16:23:38.063 [restartedMain] INFO o.s.b.d.a.OptionalLiveReloadServer - LiveReload server is running on port 35729 
2025-08-28T16:23:38.069 [restartedMain] INFO o.a.c.h.Http11NioProtocol - Starting ProtocolHandler ["http-nio-8085"] 
2025-08-28T16:23:38.070 [restartedMain] INFO o.s.b.w.e.t.TomcatWebServer - Tomcat started on port 8085 (http) with context path '/' 
2025-08-28T16:23:38.073 [restartedMain] INFO c.m.MeetmateApplication - Started MeetmateApplication in 0.202 seconds (process running for 15394.6) 
2025-08-28T16:23:38.074 [restartedMain] INFO o.s.b.d.a.ConditionEvaluationDeltaLoggingListener - Condition evaluation unchanged 
2025-08-28T16:26:15.609 [File Watcher] INFO o.s.b.d.a.LocalDevToolsAutoConfiguration$RestartingClassPathChangeChangedEventListener - Restarting due to 1 class path change (0 additions, 0 deletions, 1 modification) 
2025-08-28T16:26:15.611 [Thread-47] INFO o.s.b.w.e.t.GracefulShutdown - Commencing graceful shutdown. Waiting for active requests to complete 
2025-08-28T16:26:15.612 [tomcat-shutdown] INFO o.a.c.h.Http11NioProtocol - Pausing ProtocolHandler ["http-nio-8085"] 
2025-08-28T16:26:15.615 [tomcat-shutdown] INFO o.s.b.w.e.t.GracefulShutdown - Graceful shutdown complete 
2025-08-28T16:26:15.616 [Thread-47] INFO o.a.c.h.Http11NioProtocol - Stopping ProtocolHandler ["http-nio-8085"] 
2025-08-28T16:26:15.666 [restartedMain] INFO c.m.MeetmateApplication - Starting MeetmateApplication using Java 17.0.11 with PID 31497 (/Users/shinnosuke/Desktop/shinnosuke/factory/workspace/ws_sts4_4240/repo_meetmate/meetmate/bin/main started by shinnosuke in /Users/shinnosuke/Desktop/shinnosuke/factory/workspace/ws_sts4_4240/repo_meetmate/meetmate) 
2025-08-28T16:26:15.666 [restartedMain] INFO c.m.MeetmateApplication - The following 1 profile is active: "external" 
2025-08-28T16:26:15.757 [restartedMain] INFO o.s.b.w.e.t.TomcatWebServer - Tomcat initialized with port 8085 (http) 
2025-08-28T16:26:15.758 [restartedMain] INFO o.a.c.h.Http11NioProtocol - Initializing ProtocolHandler ["http-nio-8085"] 
2025-08-28T16:26:15.758 [restartedMain] INFO o.a.c.c.StandardService - Starting service [Tomcat] 
2025-08-28T16:26:15.758 [restartedMain] INFO o.a.c.c.StandardEngine - Starting Servlet engine: [Apache Tomcat/10.1.44] 
2025-08-28T16:26:15.761 [restartedMain] INFO o.a.c.c.C.[.[.[/] - Initializing Spring embedded WebApplicationContext 
2025-08-28T16:26:15.761 [restartedMain] INFO o.s.b.w.s.c.ServletWebServerApplicationContext - Root WebApplicationContext: initialization completed in 94 ms 
2025-08-28T16:26:15.842 [restartedMain] INFO o.s.b.d.a.OptionalLiveReloadServer - LiveReload server is running on port 35729 
2025-08-28T16:26:15.848 [restartedMain] INFO o.a.c.h.Http11NioProtocol - Starting ProtocolHandler ["http-nio-8085"] 
2025-08-28T16:26:15.849 [restartedMain] INFO o.s.b.w.e.t.TomcatWebServer - Tomcat started on port 8085 (http) with context path '/' 
2025-08-28T16:26:15.852 [restartedMain] INFO c.m.MeetmateApplication - Started MeetmateApplication in 0.197 seconds (process running for 15552.381) 
2025-08-28T16:26:15.853 [restartedMain] INFO o.s.b.d.a.ConditionEvaluationDeltaLoggingListener - Condition evaluation unchanged 
2025-08-28T16:29:10.559 [File Watcher] INFO o.s.b.d.a.LocalDevToolsAutoConfiguration$RestartingClassPathChangeChangedEventListener - Restarting due to 1 class path change (0 additions, 0 deletions, 1 modification) 
2025-08-28T16:29:10.561 [Thread-51] INFO o.s.b.w.e.t.GracefulShutdown - Commencing graceful shutdown. Waiting for active requests to complete 
2025-08-28T16:29:10.562 [tomcat-shutdown] INFO o.a.c.h.Http11NioProtocol - Pausing ProtocolHandler ["http-nio-8085"] 
2025-08-28T16:29:10.564 [tomcat-shutdown] INFO o.s.b.w.e.t.GracefulShutdown - Graceful shutdown complete 
2025-08-28T16:29:10.564 [Thread-51] INFO o.a.c.h.Http11NioProtocol - Stopping ProtocolHandler ["http-nio-8085"] 
2025-08-28T16:29:10.611 [restartedMain] INFO c.m.MeetmateApplication - Starting MeetmateApplication using Java 17.0.11 with PID 31497 (/Users/shinnosuke/Desktop/shinnosuke/factory/workspace/ws_sts4_4240/repo_meetmate/meetmate/bin/main started by shinnosuke in /Users/shinnosuke/Desktop/shinnosuke/factory/workspace/ws_sts4_4240/repo_meetmate/meetmate) 
2025-08-28T16:29:10.611 [restartedMain] INFO c.m.MeetmateApplication - The following 1 profile is active: "external" 
2025-08-28T16:29:10.699 [restartedMain] INFO o.s.b.w.e.t.TomcatWebServer - Tomcat initialized with port 8085 (http) 
2025-08-28T16:29:10.700 [restartedMain] INFO o.a.c.h.Http11NioProtocol - Initializing ProtocolHandler ["http-nio-8085"] 
2025-08-28T16:29:10.700 [restartedMain] INFO o.a.c.c.StandardService - Starting service [Tomcat] 
2025-08-28T16:29:10.700 [restartedMain] INFO o.a.c.c.StandardEngine - Starting Servlet engine: [Apache Tomcat/10.1.44] 
2025-08-28T16:29:10.703 [restartedMain] INFO o.a.c.c.C.[.[.[/] - Initializing Spring embedded WebApplicationContext 
2025-08-28T16:29:10.704 [restartedMain] INFO o.s.b.w.s.c.ServletWebServerApplicationContext - Root WebApplicationContext: initialization completed in 92 ms 
2025-08-28T16:29:10.784 [restartedMain] INFO o.s.b.d.a.OptionalLiveReloadServer - LiveReload server is running on port 35729 
2025-08-28T16:29:10.790 [restartedMain] INFO o.a.c.h.Http11NioProtocol - Starting ProtocolHandler ["http-nio-8085"] 
2025-08-28T16:29:10.791 [restartedMain] INFO o.s.b.w.e.t.TomcatWebServer - Tomcat started on port 8085 (http) with context path '/' 
2025-08-28T16:29:10.794 [restartedMain] INFO c.m.MeetmateApplication - Started MeetmateApplication in 0.195 seconds (process running for 15727.325) 
2025-08-28T16:29:10.795 [restartedMain] INFO o.s.b.d.a.ConditionEvaluationDeltaLoggingListener - Condition evaluation unchanged 
2025-08-28T16:30:30.405 [File Watcher] INFO o.s.b.d.a.LocalDevToolsAutoConfiguration$RestartingClassPathChangeChangedEventListener - Restarting due to 1 class path change (0 additions, 0 deletions, 1 modification) 
2025-08-28T16:30:30.407 [Thread-55] INFO o.s.b.w.e.t.GracefulShutdown - Commencing graceful shutdown. Waiting for active requests to complete 
2025-08-28T16:30:30.408 [tomcat-shutdown] INFO o.a.c.h.Http11NioProtocol - Pausing ProtocolHandler ["http-nio-8085"] 
2025-08-28T16:30:30.410 [tomcat-shutdown] INFO o.s.b.w.e.t.GracefulShutdown - Graceful shutdown complete 
2025-08-28T16:30:30.411 [Thread-55] INFO o.a.c.h.Http11NioProtocol - Stopping ProtocolHandler ["http-nio-8085"] 
2025-08-28T16:30:30.456 [restartedMain] INFO c.m.MeetmateApplication - Starting MeetmateApplication using Java 17.0.11 with PID 31497 (/Users/shinnosuke/Desktop/shinnosuke/factory/workspace/ws_sts4_4240/repo_meetmate/meetmate/bin/main started by shinnosuke in /Users/shinnosuke/Desktop/shinnosuke/factory/workspace/ws_sts4_4240/repo_meetmate/meetmate) 
2025-08-28T16:30:30.456 [restartedMain] INFO c.m.MeetmateApplication - The following 1 profile is active: "external" 
2025-08-28T16:30:30.536 [restartedMain] INFO o.s.b.w.e.t.TomcatWebServer - Tomcat initialized with port 8085 (http) 
2025-08-28T16:30:30.536 [restartedMain] INFO o.a.c.h.Http11NioProtocol - Initializing ProtocolHandler ["http-nio-8085"] 
2025-08-28T16:30:30.537 [restartedMain] INFO o.a.c.c.StandardService - Starting service [Tomcat] 
2025-08-28T16:30:30.537 [restartedMain] INFO o.a.c.c.StandardEngine - Starting Servlet engine: [Apache Tomcat/10.1.44] 
2025-08-28T16:30:30.540 [restartedMain] INFO o.a.c.c.C.[.[.[/] - Initializing Spring embedded WebApplicationContext 
2025-08-28T16:30:30.540 [restartedMain] INFO o.s.b.w.s.c.ServletWebServerApplicationContext - Root WebApplicationContext: initialization completed in 83 ms 
2025-08-28T16:30:30.611 [restartedMain] INFO o.s.b.d.a.OptionalLiveReloadServer - LiveReload server is running on port 35729 
2025-08-28T16:30:30.617 [restartedMain] INFO o.a.c.h.Http11NioProtocol - Starting ProtocolHandler ["http-nio-8085"] 
2025-08-28T16:30:30.617 [restartedMain] INFO o.s.b.w.e.t.TomcatWebServer - Tomcat started on port 8085 (http) with context path '/' 
2025-08-28T16:30:30.621 [restartedMain] INFO c.m.MeetmateApplication - Started MeetmateApplication in 0.175 seconds (process running for 15807.153) 
2025-08-28T16:30:30.621 [restartedMain] INFO o.s.b.d.a.ConditionEvaluationDeltaLoggingListener - Condition evaluation unchanged 
2025-08-28T16:32:25.705 [File Watcher] INFO o.s.b.d.a.LocalDevToolsAutoConfiguration$RestartingClassPathChangeChangedEventListener - Restarting due to 1 class path change (0 additions, 0 deletions, 1 modification) 
2025-08-28T16:32:25.705 [Thread-59] INFO o.s.b.w.e.t.GracefulShutdown - Commencing graceful shutdown. Waiting for active requests to complete 
2025-08-28T16:32:25.706 [tomcat-shutdown] INFO o.a.c.h.Http11NioProtocol - Pausing ProtocolHandler ["http-nio-8085"] 
2025-08-28T16:32:25.707 [tomcat-shutdown] INFO o.s.b.w.e.t.GracefulShutdown - Graceful shutdown complete 
2025-08-28T16:32:25.707 [Thread-59] INFO o.a.c.h.Http11NioProtocol - Stopping ProtocolHandler ["http-nio-8085"] 
2025-08-28T16:32:25.750 [restartedMain] INFO c.m.MeetmateApplication - Starting MeetmateApplication using Java 17.0.11 with PID 31497 (/Users/shinnosuke/Desktop/shinnosuke/factory/workspace/ws_sts4_4240/repo_meetmate/meetmate/bin/main started by shinnosuke in /Users/shinnosuke/Desktop/shinnosuke/factory/workspace/ws_sts4_4240/repo_meetmate/meetmate) 
2025-08-28T16:32:25.750 [restartedMain] INFO c.m.MeetmateApplication - The following 1 profile is active: "external" 
2025-08-28T16:32:25.839 [restartedMain] INFO o.s.b.w.e.t.TomcatWebServer - Tomcat initialized with port 8085 (http) 
2025-08-28T16:32:25.840 [restartedMain] INFO o.a.c.h.Http11NioProtocol - Initializing ProtocolHandler ["http-nio-8085"] 
2025-08-28T16:32:25.840 [restartedMain] INFO o.a.c.c.StandardService - Starting service [Tomcat] 
2025-08-28T16:32:25.840 [restartedMain] INFO o.a.c.c.StandardEngine - Starting Servlet engine: [Apache Tomcat/10.1.44] 
2025-08-28T16:32:25.844 [restartedMain] INFO o.a.c.c.C.[.[.[/] - Initializing Spring embedded WebApplicationContext 
2025-08-28T16:32:25.844 [restartedMain] INFO o.s.b.w.s.c.ServletWebServerApplicationContext - Root WebApplicationContext: initialization completed in 93 ms 
2025-08-28T16:32:25.886 [restartedMain] WARN o.s.b.w.s.c.AnnotationConfigServletWebServerApplicationContext - Exception encountered during context initialization - cancelling refresh attempt: org.springframework.beans.factory.BeanCreationException: Error creating bean with name 'requestMappingHandlerMapping' defined in class path resource [org/springframework/boot/autoconfigure/web/servlet/WebMvcAutoConfiguration$EnableWebMvcConfiguration.class]: Ambiguous mapping. Cannot map 'userController' method 
com.meetmate.infra.user.UserController#userXdmForm()
to { [/xdm/v1/infra/user/userXdmForm]}: There is already 'userController' bean method
com.meetmate.infra.user.UserController#userXdmInst() mapped. 
2025-08-28T16:32:25.886 [restartedMain] INFO o.a.c.c.StandardService - Stopping service [Tomcat] 
2025-08-28T16:32:25.890 [restartedMain] INFO o.s.b.a.l.ConditionEvaluationReportLogger - 

Error starting ApplicationContext. To display the condition evaluation report re-run your application with 'debug' enabled. 
2025-08-28T16:32:25.897 [restartedMain] ERROR o.s.b.SpringApplication - Application run failed 
org.springframework.beans.factory.BeanCreationException: Error creating bean with name 'requestMappingHandlerMapping' defined in class path resource [org/springframework/boot/autoconfigure/web/servlet/WebMvcAutoConfiguration$EnableWebMvcConfiguration.class]: Ambiguous mapping. Cannot map 'userController' method 
com.meetmate.infra.user.UserController#userXdmForm()
to { [/xdm/v1/infra/user/userXdmForm]}: There is already 'userController' bean method
com.meetmate.infra.user.UserController#userXdmInst() mapped.
	at org.springframework.beans.factory.support.AbstractAutowireCapableBeanFactory.initializeBean(AbstractAutowireCapableBeanFactory.java:1826)
	at org.springframework.beans.factory.support.AbstractAutowireCapableBeanFactory.doCreateBean(AbstractAutowireCapableBeanFactory.java:607)
	at org.springframework.beans.factory.support.AbstractAutowireCapableBeanFactory.createBean(AbstractAutowireCapableBeanFactory.java:529)
	at org.springframework.beans.factory.support.AbstractBeanFactory.lambda$doGetBean$0(AbstractBeanFactory.java:339)
	at org.springframework.beans.factory.support.DefaultSingletonBeanRegistry.getSingleton(DefaultSingletonBeanRegistry.java:373)
	at org.springframework.beans.factory.support.AbstractBeanFactory.doGetBean(AbstractBeanFactory.java:337)
	at org.springframework.beans.factory.support.AbstractBeanFactory.getBean(AbstractBeanFactory.java:202)
	at org.springframework.beans.factory.support.DefaultListableBeanFactory.instantiateSingleton(DefaultListableBeanFactory.java:1222)
	at org.springframework.beans.factory.support.DefaultListableBeanFactory.preInstantiateSingleton(DefaultListableBeanFactory.java:1188)
	at org.springframework.beans.factory.support.DefaultListableBeanFactory.preInstantiateSingletons(DefaultListableBeanFactory.java:1123)
	at org.springframework.context.support.AbstractApplicationContext.finishBeanFactoryInitialization(AbstractApplicationContext.java:987)
	at org.springframework.context.support.AbstractApplicationContext.refresh(AbstractApplicationContext.java:627)
	at org.springframework.boot.web.servlet.context.ServletWebServerApplicationContext.refresh(ServletWebServerApplicationContext.java:146)
	at org.springframework.boot.SpringApplication.refresh(SpringApplication.java:752)
	at org.springframework.boot.SpringApplication.refreshContext(SpringApplication.java:439)
	at org.springframework.boot.SpringApplication.run(SpringApplication.java:318)
	at org.springframework.boot.SpringApplication.run(SpringApplication.java:1361)
	at org.springframework.boot.SpringApplication.run(SpringApplication.java:1350)
	at com.meetmate.MeetmateApplication.main(MeetmateApplication.java:11)
	at java.base/jdk.internal.reflect.NativeMethodAccessorImpl.invoke0(Native Method)
	at java.base/jdk.internal.reflect.NativeMethodAccessorImpl.invoke(NativeMethodAccessorImpl.java:77)
	at java.base/jdk.internal.reflect.DelegatingMethodAccessorImpl.invoke(DelegatingMethodAccessorImpl.java:43)
	at java.base/java.lang.reflect.Method.invoke(Method.java:568)
	at org.springframework.boot.devtools.restart.RestartLauncher.run(RestartLauncher.java:50)
Caused by: java.lang.IllegalStateException: Ambiguous mapping. Cannot map 'userController' method 
com.meetmate.infra.user.UserController#userXdmForm()
to { [/xdm/v1/infra/user/userXdmForm]}: There is already 'userController' bean method
com.meetmate.infra.user.UserController#userXdmInst() mapped.
	at org.springframework.web.servlet.handler.AbstractHandlerMethodMapping$MappingRegistry.validateMethodMapping(AbstractHandlerMethodMapping.java:676)
	at org.springframework.web.servlet.handler.AbstractHandlerMethodMapping$MappingRegistry.register(AbstractHandlerMethodMapping.java:637)
	at org.springframework.web.servlet.handler.AbstractHandlerMethodMapping.registerHandlerMethod(AbstractHandlerMethodMapping.java:331)
	at org.springframework.web.servlet.mvc.method.annotation.RequestMappingHandlerMapping.registerHandlerMethod(RequestMappingHandlerMapping.java:507)
	at org.springframework.web.servlet.mvc.method.annotation.RequestMappingHandlerMapping.registerHandlerMethod(RequestMappingHandlerMapping.java:84)
	at org.springframework.web.servlet.handler.AbstractHandlerMethodMapping.lambda$detectHandlerMethods$2(AbstractHandlerMethodMapping.java:298)
	at java.base/java.util.LinkedHashMap.forEach(LinkedHashMap.java:721)
	at org.springframework.web.servlet.handler.AbstractHandlerMethodMapping.detectHandlerMethods(AbstractHandlerMethodMapping.java:296)
	at org.springframework.web.servlet.handler.AbstractHandlerMethodMapping.processCandidateBean(AbstractHandlerMethodMapping.java:265)
	at org.springframework.web.servlet.handler.AbstractHandlerMethodMapping.initHandlerMethods(AbstractHandlerMethodMapping.java:224)
	at org.springframework.web.servlet.handler.AbstractHandlerMethodMapping.afterPropertiesSet(AbstractHandlerMethodMapping.java:212)
	at org.springframework.web.servlet.mvc.method.annotation.RequestMappingHandlerMapping.afterPropertiesSet(RequestMappingHandlerMapping.java:237)
	at org.springframework.beans.factory.support.AbstractAutowireCapableBeanFactory.invokeInitMethods(AbstractAutowireCapableBeanFactory.java:1873)
	at org.springframework.beans.factory.support.AbstractAutowireCapableBeanFactory.initializeBean(AbstractAutowireCapableBeanFactory.java:1822)
	... 23 common frames omitted
2025-08-28T16:32:51.020 [restartedMain] INFO c.m.MeetmateApplication - Starting MeetmateApplication using Java 17.0.11 with PID 31497 (/Users/shinnosuke/Desktop/shinnosuke/factory/workspace/ws_sts4_4240/repo_meetmate/meetmate/bin/main started by shinnosuke in /Users/shinnosuke/Desktop/shinnosuke/factory/workspace/ws_sts4_4240/repo_meetmate/meetmate) 
2025-08-28T16:32:51.020 [restartedMain] INFO c.m.MeetmateApplication - The following 1 profile is active: "external" 
2025-08-28T16:32:51.106 [restartedMain] INFO o.s.b.w.e.t.TomcatWebServer - Tomcat initialized with port 8085 (http) 
2025-08-28T16:32:51.107 [restartedMain] INFO o.a.c.h.Http11NioProtocol - Initializing ProtocolHandler ["http-nio-8085"] 
2025-08-28T16:32:51.107 [restartedMain] INFO o.a.c.c.StandardService - Starting service [Tomcat] 
2025-08-28T16:32:51.107 [restartedMain] INFO o.a.c.c.StandardEngine - Starting Servlet engine: [Apache Tomcat/10.1.44] 
2025-08-28T16:32:51.111 [restartedMain] INFO o.a.c.c.C.[.[.[/] - Initializing Spring embedded WebApplicationContext 
2025-08-28T16:32:51.111 [restartedMain] INFO o.s.b.w.s.c.ServletWebServerApplicationContext - Root WebApplicationContext: initialization completed in 90 ms 
2025-08-28T16:32:51.187 [restartedMain] INFO o.s.b.d.a.OptionalLiveReloadServer - LiveReload server is running on port 35729 
2025-08-28T16:32:51.193 [restartedMain] INFO o.a.c.h.Http11NioProtocol - Starting ProtocolHandler ["http-nio-8085"] 
2025-08-28T16:32:51.194 [restartedMain] INFO o.s.b.w.e.t.TomcatWebServer - Tomcat started on port 8085 (http) with context path '/' 
2025-08-28T16:32:51.197 [restartedMain] INFO c.m.MeetmateApplication - Started MeetmateApplication in 0.194 seconds (process running for 15947.731) 
2025-08-28T16:32:51.198 [restartedMain] INFO o.s.b.d.a.ConditionEvaluationDeltaLoggingListener - Condition evaluation unchanged 
2025-08-28T16:39:02.543 [File Watcher] INFO o.s.b.d.a.LocalDevToolsAutoConfiguration$RestartingClassPathChangeChangedEventListener - Restarting due to 1 class path change (0 additions, 0 deletions, 1 modification) 
2025-08-28T16:39:02.545 [Thread-63] INFO o.s.b.w.e.t.GracefulShutdown - Commencing graceful shutdown. Waiting for active requests to complete 
2025-08-28T16:39:02.545 [tomcat-shutdown] INFO o.a.c.h.Http11NioProtocol - Pausing ProtocolHandler ["http-nio-8085"] 
2025-08-28T16:39:02.548 [tomcat-shutdown] INFO o.s.b.w.e.t.GracefulShutdown - Graceful shutdown complete 
2025-08-28T16:39:02.548 [Thread-63] INFO o.a.c.h.Http11NioProtocol - Stopping ProtocolHandler ["http-nio-8085"] 
2025-08-28T16:39:02.598 [restartedMain] INFO c.m.MeetmateApplication - Starting MeetmateApplication using Java 17.0.11 with PID 31497 (/Users/shinnosuke/Desktop/shinnosuke/factory/workspace/ws_sts4_4240/repo_meetmate/meetmate/bin/main started by shinnosuke in /Users/shinnosuke/Desktop/shinnosuke/factory/workspace/ws_sts4_4240/repo_meetmate/meetmate) 
2025-08-28T16:39:02.598 [restartedMain] INFO c.m.MeetmateApplication - The following 1 profile is active: "external" 
2025-08-28T16:39:02.687 [restartedMain] INFO o.s.b.w.e.t.TomcatWebServer - Tomcat initialized with port 8085 (http) 
2025-08-28T16:39:02.688 [restartedMain] INFO o.a.c.h.Http11NioProtocol - Initializing ProtocolHandler ["http-nio-8085"] 
2025-08-28T16:39:02.688 [restartedMain] INFO o.a.c.c.StandardService - Starting service [Tomcat] 
2025-08-28T16:39:02.688 [restartedMain] INFO o.a.c.c.StandardEngine - Starting Servlet engine: [Apache Tomcat/10.1.44] 
2025-08-28T16:39:02.692 [restartedMain] INFO o.a.c.c.C.[.[.[/] - Initializing Spring embedded WebApplicationContext 
2025-08-28T16:39:02.692 [restartedMain] INFO o.s.b.w.s.c.ServletWebServerApplicationContext - Root WebApplicationContext: initialization completed in 93 ms 
2025-08-28T16:39:02.782 [restartedMain] INFO o.s.b.d.a.OptionalLiveReloadServer - LiveReload server is running on port 35729 
2025-08-28T16:39:02.788 [restartedMain] INFO o.a.c.h.Http11NioProtocol - Starting ProtocolHandler ["http-nio-8085"] 
2025-08-28T16:39:02.789 [restartedMain] INFO o.s.b.w.e.t.TomcatWebServer - Tomcat started on port 8085 (http) with context path '/' 
2025-08-28T16:39:02.792 [restartedMain] INFO c.m.MeetmateApplication - Started MeetmateApplication in 0.206 seconds (process running for 16319.33) 
2025-08-28T16:39:02.793 [restartedMain] INFO o.s.b.d.a.ConditionEvaluationDeltaLoggingListener - Condition evaluation unchanged 
2025-08-28T16:40:33.381 [http-nio-8085-exec-1] INFO o.a.c.c.C.[.[.[/] - Initializing Spring DispatcherServlet 'dispatcherServlet' 
2025-08-28T16:40:33.381 [http-nio-8085-exec-1] INFO o.s.w.s.DispatcherServlet - Initializing Servlet 'dispatcherServlet' 
2025-08-28T16:40:33.381 [http-nio-8085-exec-1] INFO o.s.w.s.DispatcherServlet - Completed initialization in 0 ms 
2025-08-28T16:50:16.480 [http-nio-8085-exec-10] INFO c.z.h.HikariDataSource - HikariPool-4 - Starting... 
2025-08-28T16:50:16.492 [http-nio-8085-exec-10] INFO c.z.h.p.HikariPool - HikariPool-4 - Added connection net.sf.log4jdbc.sql.jdbcapi.ConnectionSpy@4eb1589 
2025-08-28T16:50:16.492 [http-nio-8085-exec-10] INFO c.z.h.HikariDataSource - HikariPool-4 - Start completed. 
2025-08-28T16:50:16.493 [http-nio-8085-exec-10] DEBUG j.sqltiming -  com.zaxxer.hikari.pool.ProxyPreparedStatement.execute(ProxyPreparedStatement.java:44)
106. select
			a.userSeq,
			a.userName,
			a.userBirth,
			a.userGender,
			a.userId,
			a.userPw,
			a.userEmail,
			a.userPhone,
			a.userZipCode,
			a.userAddress,
			a.userDtAddress,
			a.userMoDate,
			a.userReDate,
			a.userDelNY
		from
			user a
		where 1=1
 {executed in 1 msec} 
2025-08-28T16:50:42.551 [http-nio-8085-exec-6] DEBUG j.sqltiming -  com.zaxxer.hikari.pool.ProxyPreparedStatement.execute(ProxyPreparedStatement.java:44)
106. select
			a.userSeq,
			a.userName,
			a.userBirth,
			a.userGender,
			a.userId,
			a.userPw,
			a.userEmail,
			a.userPhone,
			a.userZipCode,
			a.userAddress,
			a.userDtAddress,
			a.userMoDate,
			a.userReDate,
			a.userDelNY
		from
			user a
		where 1=1
 {executed in 1 msec} 
2025-08-28T16:50:50.251 [http-nio-8085-exec-9] DEBUG j.sqltiming -  com.zaxxer.hikari.pool.ProxyPreparedStatement.execute(ProxyPreparedStatement.java:44)
106. select
			a.userSeq,
			a.userName,
			a.userBirth,
			a.userGender,
			a.userId,
			a.userPw,
			a.userEmail,
			a.userPhone,
			a.userZipCode,
			a.userAddress,
			a.userDtAddress,
			a.userMoDate,
			a.userReDate,
			a.userDelNY
		from
			user a
		where 1=1
 {executed in 2 msec} 
2025-08-28T16:51:46.995 [http-nio-8085-exec-10] DEBUG j.sqltiming -  com.zaxxer.hikari.pool.ProxyPreparedStatement.execute(ProxyPreparedStatement.java:44)
106. select
			a.userSeq,
			a.userName,
			a.userBirth,
			a.userGender,
			a.userId,
			a.userPw,
			a.userEmail,
			a.userPhone,
			a.userZipCode,
			a.userAddress,
			a.userDtAddress,
			a.userMoDate,
			a.userReDate,
			a.userDelNY
		from
			user a
		where 1=1
 {executed in 2 msec} 
2025-08-28T16:51:47.287 [http-nio-8085-exec-9] DEBUG j.sqltiming -  com.zaxxer.hikari.pool.ProxyPreparedStatement.execute(ProxyPreparedStatement.java:44)
106. select
			a.userSeq,
			a.userName,
			a.userBirth,
			a.userGender,
			a.userId,
			a.userPw,
			a.userEmail,
			a.userPhone,
			a.userZipCode,
			a.userAddress,
			a.userDtAddress,
			a.userMoDate,
			a.userReDate,
			a.userDelNY
		from
			user a
		where 1=1
 {executed in 1 msec} 
2025-08-28T16:51:47.487 [http-nio-8085-exec-10] DEBUG j.sqltiming -  com.zaxxer.hikari.pool.ProxyPreparedStatement.execute(ProxyPreparedStatement.java:44)
106. select
			a.userSeq,
			a.userName,
			a.userBirth,
			a.userGender,
			a.userId,
			a.userPw,
			a.userEmail,
			a.userPhone,
			a.userZipCode,
			a.userAddress,
			a.userDtAddress,
			a.userMoDate,
			a.userReDate,
			a.userDelNY
		from
			user a
		where 1=1
 {executed in 1 msec} 
2025-08-28T16:52:03.745 [http-nio-8085-exec-3] DEBUG j.sqltiming -  com.zaxxer.hikari.pool.ProxyPreparedStatement.execute(ProxyPreparedStatement.java:44)
106. select
			a.userSeq,
			a.userName,
			a.userBirth,
			a.userGender,
			a.userId,
			a.userPw,
			a.userEmail,
			a.userPhone,
			a.userZipCode,
			a.userAddress,
			a.userDtAddress,
			a.userMoDate,
			a.userReDate,
			a.userDelNY
		from
			user a
		where 1=1
 {executed in 1 msec} 
2025-08-28T16:57:30.259 [http-nio-8085-exec-7] DEBUG j.sqltiming -  com.zaxxer.hikari.pool.ProxyPreparedStatement.execute(ProxyPreparedStatement.java:44)
106. select
			a.userSeq,
			a.userName,
			a.userBirth,
			a.userGender,
			a.userId,
			a.userPw,
			a.userEmail,
			a.userPhone,
			a.userZipCode,
			a.userAddress,
			a.userDtAddress,
			a.userMoDate,
			a.userReDate,
			a.userDelNY
		from
			user a
		where 1=1
 {executed in 1 msec} 
